2026-05-02 18:42:51,216 - INFO - PRUEBA: Evento de prueba - esto debe aparecer en el log
PRUEBA: Evento de prueba - esto debe aparecer en el log
2026-05-02 18:42:51,216 - ERROR - ERROR: PRUEBA: Error de prueba - esto debe aparecer en el log
ERROR: PRUEBA: Error de prueba - esto debe aparecer en el log
2026-05-11 17:49:24,514 - INFO - === INICIO DE SIMULACIÓN ===
=== INICIO DE SIMULACIÓN ===
2026-05-11 17:49:24,515 - INFO - Servicio registrado: Habitacion Suite - Precio: $150.0
Servicio registrado: Habitacion Suite - Precio: $150.0
2026-05-11 17:49:24,515 - INFO - Servicio registrado: Restaurante - Precio: $140.0
Servicio registrado: Restaurante - Precio: $140.0
2026-05-11 17:49:24,516 - INFO - Servicio registrado: Spa - Masaje Relajante - Precio: $80.0
Servicio registrado: Spa - Masaje Relajante - Precio: $80.0
2026-05-11 17:49:24,516 - INFO - Cliente creado: Ana María López - ID: C001
Cliente creado: Ana María López - ID: C001
2026-05-11 17:49:24,517 - INFO - Cliente registrado: C001
Cliente registrado: C001
2026-05-11 17:49:24,517 - INFO - Cliente creado: Bo - ID: C002
Cliente creado: Bo - ID: C002
2026-05-11 17:49:24,517 - INFO - Cliente registrado: C002
Cliente registrado: C002
2026-05-11 17:49:24,517 - ERROR - ERROR: Correo invalido: carlos@
ERROR: Correo invalido: carlos@
2026-05-11 17:49:24,518 - ERROR - ERROR: Error: El correo 'carlos@' no parece valido
ERROR: Error: El correo 'carlos@' no parece valido
2026-05-11 17:49:24,518 - ERROR - ERROR: Se intento crear cliente sin nombre
ERROR: Se intento crear cliente sin nombre
2026-05-11 17:49:24,518 - ERROR - ERROR: Error: El nombre del cliente no puede estar vacio
ERROR: Error: El nombre del cliente no puede estar vacio
2026-05-11 17:49:24,518 - INFO - Cliente creado: Diana Ríos - ID: C005
Cliente creado: Diana Ríos - ID: C005
2026-05-11 17:49:24,519 - INFO - Cliente registrado: C005
Cliente registrado: C005
2026-05-11 17:49:24,519 - INFO - Servicio 'Habitacion Suite' activado
Servicio 'Habitacion Suite' activado
2026-05-11 17:49:24,519 - INFO - Reserva #1 creada para Ana María López - Estado: pendiente
Reserva #1 creada para Ana María López - Estado: pendiente
2026-05-11 17:49:24,520 - INFO - Servicio habitacion 'Suite' asignado a Ana María López
Servicio habitacion 'Suite' asignado a Ana María López
2026-05-11 17:49:24,520 - INFO - Reserva exitosa: #1
Reserva exitosa: #1
2026-05-11 17:49:24,520 - INFO - Servicio 'Restaurante' activado
Servicio 'Restaurante' activado
2026-05-11 17:49:24,521 - INFO - Reserva #2 creada para Diana Ríos - Estado: pendiente
Reserva #2 creada para Diana Ríos - Estado: pendiente
2026-05-11 17:49:24,521 - INFO - Restaurante reservado para Diana Ríos - 4 personas
Restaurante reservado para Diana Ríos - 4 personas
2026-05-11 17:49:24,521 - INFO - Reserva exitosa: #2
Reserva exitosa: #2
2026-05-11 17:49:24,522 - INFO - Servicio 'Spa - Masaje Relajante' activado
Servicio 'Spa - Masaje Relajante' activado
2026-05-11 17:49:24,522 - INFO - Reserva #3 creada para Ana María López - Estado: pendiente
Reserva #3 creada para Ana María López - Estado: pendiente
2026-05-11 17:49:24,522 - INFO - Spa 'Masaje Relajante' reservado para Ana María López - 60 min
Spa 'Masaje Relajante' reservado para Ana María López - 60 min
2026-05-11 17:49:24,524 - INFO - Reserva exitosa: #3
Reserva exitosa: #3
2026-05-11 17:49:24,524 - INFO - Servicio 'Habitacion Suite' activado
Servicio 'Habitacion Suite' activado
2026-05-11 17:49:24,525 - ERROR - ERROR: Reserva fallida: Cliente nulo
ERROR: Reserva fallida: Cliente nulo
2026-05-11 17:49:24,525 - ERROR - ERROR: Reserva fallida: Servicio nulo
ERROR: Reserva fallida: Servicio nulo
2026-05-11 17:49:24,525 - INFO - Servicio 'Habitacion Suite' desactivado
Servicio 'Habitacion Suite' desactivado
2026-05-11 17:49:24,525 - INFO - Reserva #4 creada para Diana Ríos - Estado: pendiente
Reserva #4 creada para Diana Ríos - Estado: pendiente
2026-05-11 17:49:24,526 - ERROR - ERROR: Servicio no disponible: Habitacion Suite
ERROR: Servicio no disponible: Habitacion Suite
2026-05-11 17:49:24,526 - ERROR - ERROR: Reserva fallida: El servicio 'Habitacion Suite' no esta disponible en este momento
ERROR: Reserva fallida: El servicio 'Habitacion Suite' no esta disponible en este momento
2026-05-11 17:49:24,526 - INFO - Reserva #1 confirmada
Reserva #1 confirmada
2026-05-11 17:49:24,527 - INFO - Reserva #1 cancelada
Reserva #1 cancelada
2026-05-11 17:49:24,527 - INFO - Servicio registrado: Spa - Piedras Calientes - Precio: $65.0
Servicio registrado: Spa - Piedras Calientes - Precio: $65.0
2026-05-11 18:00:54,523 - INFO - === INICIO DE SIMULACIÓN ===
=== INICIO DE SIMULACIÓN ===
2026-05-11 18:00:54,524 - INFO - Servicio registrado: Habitacion Suite - Precio: $150.0
Servicio registrado: Habitacion Suite - Precio: $150.0
2026-05-11 18:00:54,524 - INFO - Servicio registrado: Restaurante - Precio: $140.0
Servicio registrado: Restaurante - Precio: $140.0
2026-05-11 18:00:54,524 - INFO - Servicio registrado: Spa - Masaje Relajante - Precio: $80.0
Servicio registrado: Spa - Masaje Relajante - Precio: $80.0
2026-05-11 18:00:54,524 - INFO - Cliente creado: Ana María López - ID: C001
Cliente creado: Ana María López - ID: C001
2026-05-11 18:00:54,525 - INFO - Cliente registrado: C001
Cliente registrado: C001
2026-05-11 18:00:54,525 - INFO - Cliente creado: Bo - ID: C002
Cliente creado: Bo - ID: C002
2026-05-11 18:00:54,525 - INFO - Cliente registrado: C002
Cliente registrado: C002
2026-05-11 18:00:54,525 - ERROR - ERROR: Correo invalido: carlos@
ERROR: Correo invalido: carlos@
2026-05-11 18:00:54,526 - ERROR - ERROR: Error: El correo 'carlos@' no parece valido
ERROR: Error: El correo 'carlos@' no parece valido
2026-05-11 18:00:54,526 - ERROR - ERROR: Se intento crear cliente sin nombre
ERROR: Se intento crear cliente sin nombre
2026-05-11 18:00:54,526 - ERROR - ERROR: Error: El nombre del cliente no puede estar vacio
ERROR: Error: El nombre del cliente no puede estar vacio
2026-05-11 18:00:54,526 - INFO - Cliente creado: Diana Ríos - ID: C005
Cliente creado: Diana Ríos - ID: C005
2026-05-11 18:00:54,527 - INFO - Cliente registrado: C005
Cliente registrado: C005
2026-05-11 18:00:54,527 - INFO - Servicio 'Habitacion Suite' activado
Servicio 'Habitacion Suite' activado
2026-05-11 18:00:54,527 - INFO - Reserva #1 creada para Ana María López - Estado: pendiente
Reserva #1 creada para Ana María López - Estado: pendiente
2026-05-11 18:00:54,528 - INFO - Servicio habitacion 'Suite' asignado a Ana María López
Servicio habitacion 'Suite' asignado a Ana María López
2026-05-11 18:00:54,528 - INFO - Reserva exitosa: #1
Reserva exitosa: #1
2026-05-11 18:00:54,528 - INFO - Servicio 'Restaurante' activado
Servicio 'Restaurante' activado
2026-05-11 18:00:54,529 - INFO - Reserva #2 creada para Diana Ríos - Estado: pendiente
Reserva #2 creada para Diana Ríos - Estado: pendiente
2026-05-11 18:00:54,529 - INFO - Restaurante reservado para Diana Ríos - 4 personas
Restaurante reservado para Diana Ríos - 4 personas
2026-05-11 18:00:54,529 - INFO - Reserva exitosa: #2
Reserva exitosa: #2
2026-05-11 18:00:54,529 - INFO - Servicio 'Spa - Masaje Relajante' activado
Servicio 'Spa - Masaje Relajante' activado
2026-05-11 18:00:54,530 - INFO - Reserva #3 creada para Ana María López - Estado: pendiente
Reserva #3 creada para Ana María López - Estado: pendiente
2026-05-11 18:00:54,530 - INFO - Spa 'Masaje Relajante' reservado para Ana María López - 60 min
Spa 'Masaje Relajante' reservado para Ana María López - 60 min
2026-05-11 18:00:54,530 - INFO - Reserva exitosa: #3
Reserva exitosa: #3
2026-05-11 18:00:54,531 - INFO - Servicio 'Habitacion Suite' activado
Servicio 'Habitacion Suite' activado
2026-05-11 18:00:54,531 - ERROR - ERROR: Reserva fallida: Cliente nulo
ERROR: Reserva fallida: Cliente nulo
2026-05-11 18:00:54,531 - ERROR - ERROR: Reserva fallida: Servicio nulo
ERROR: Reserva fallida: Servicio nulo
2026-05-11 18:00:54,531 - INFO - Servicio 'Habitacion Suite' desactivado
Servicio 'Habitacion Suite' desactivado
2026-05-11 18:00:54,532 - INFO - Reserva #4 creada para Diana Ríos - Estado: pendiente
Reserva #4 creada para Diana Ríos - Estado: pendiente
2026-05-11 18:00:54,533 - ERROR - ERROR: Servicio no disponible: Habitacion Suite
ERROR: Servicio no disponible: Habitacion Suite
2026-05-11 18:00:54,534 - ERROR - ERROR: Reserva fallida: El servicio 'Habitacion Suite' no esta disponible en este momento
ERROR: Reserva fallida: El servicio 'Habitacion Suite' no esta disponible en este momento
2026-05-11 18:00:54,534 - INFO - Reserva #1 confirmada
Reserva #1 confirmada
2026-05-11 18:00:54,534 - INFO - Reserva #1 cancelada
Reserva #1 cancelada
2026-05-11 18:00:54,535 - INFO - Servicio registrado: Spa - Piedras Calientes - Precio: $65.0
Servicio registrado: Spa - Piedras Calientes - Precio: $65.0
